<?xml version="1.0" encoding="utf-8"?><testsuites name="pytest tests"><testsuite name="pytest" errors="0" failures="0" skipped="0" tests="21" time="5.760" timestamp="2026-05-27T03:46:34.063244+00:00" hostname="agent-env-2bc2a69f-55ca-4f27-8ffa-fdef1cd99fbb"><testcase classname="backend.tests.test_search_engine" name="test_health" time="0.278" /><testcase classname="backend.tests.test_search_engine" name="test_admin_list_sites" time="0.108" /><testcase classname="backend.tests.test_search_engine" name="test_admin_add_site_duplicate" time="0.289" /><testcase classname="backend.tests.test_search_engine" name="test_admin_add_site_invalid_url" time="0.119" /><testcase classname="backend.tests.test_search_engine" name="test_admin_add_site_empty_url" time="0.126" /><testcase classname="backend.tests.test_search_engine" name="test_crawl_completes_and_classifies" time="0.130" /><testcase classname="backend.tests.test_search_engine" name="test_admin_stats" time="0.145" /><testcase classname="backend.tests.test_search_engine" name="test_search_returns_results_and_ai" time="1.088" /><testcase classname="backend.tests.test_search_engine" name="test_search_empty_query" time="0.110" /><testcase classname="backend.tests.test_search_engine" name="test_search_with_category_filter" time="0.888" /><testcase classname="backend.tests.test_search_engine" name="test_categories_endpoint" time="0.131" /><testcase classname="backend.tests.test_search_engine" name="test_trending_endpoint" time="0.125" /><testcase classname="backend.tests.test_search_engine" name="test_image_search" time="0.117" /><testcase classname="backend.tests.test_search_engine" name="test_track_click_and_visits" time="0.332" /><testcase classname="backend.tests.test_search_engine" name="test_track_click_missing_page_id" time="0.108" /><testcase classname="backend.tests.test_search_engine" name="test_user_history_flow" time="0.435" /><testcase classname="backend.tests.test_search_engine" name="test_favorites_flow" time="0.712" /><testcase classname="backend.tests.test_search_engine" name="test_favorites_missing_page_id" time="0.104" /><testcase classname="backend.tests.test_search_engine" name="test_recrawl" time="0.112" /><testcase classname="backend.tests.test_search_engine" name="test_recrawl_not_found" time="0.109" /><testcase classname="backend.tests.test_search_engine" name="test_delete_not_found" time="0.110" /></testsuite></testsuites>